<?xml version="1.0" encoding="UTF-8"?>
<beans xmlns="http://www.springframework.org/schema/beans"
       xmlns:xsi="http://www.w3.org/2001/XMLSchema-instance"
       xmlns:mvc="http://www.springframework.org/schema/mvc"
       xmlns:context="http://www.springframework.org/schema/context"
       xsi:schemaLocation="
        http://www.springframework.org/schema/beans
        http://www.springframework.org/schema/beans/spring-beans.xsd
        http://www.springframework.org/schema/context
        http://www.springframework.org/schema/context/spring-context.xsd
        http://www.springframework.org/schema/mvc
        http://www.springframework.org/schema/mvc/spring-mvc.xsd">

    <context:component-scan base-package="com.icct.hibernatehelloworld.controller.test"/>

    <mvc:annotation-driven />
    
    <!-- <bean class="com.icct.hibernatehelloworld.controller.MessageController">
    <property name="messageService" ref="messageService" />
	</bean>
   -->
    

    <bean id="messageService" class="org.mockito.Mockito" factory-method="mock">
        <constructor-arg value="com.icct.hibernateworld.service.MessageService" />
    </bean>

</beans>
